<?xml version="1.0" encoding="UTF-8"?>
<testsuite xmlns:xsi="http://www.w3.org/2001/XMLSchema-instance" xsi:noNamespaceSchemaLocation="https://maven.apache.org/surefire/maven-surefire-plugin/xsd/surefire-test-report.xsd" name="com.hospitalmanagement.HospitalManagementSystemApplicationTests" time="31.543" tests="1" errors="0" skipped="0" failures="0">
  <properties>
    <property name="java.specification.version" value="16"/>
    <property name="sun.cpu.isalist" value="amd64"/>
    <property name="sun.jnu.encoding" value="Cp1252"/>
    <property name="java.class.path" value="C:\Users\dell\Downloads\hospital-management-system-master\hospital-management-system-master\target\test-classes;C:\Users\dell\Downloads\hospital-management-system-master\hospital-management-system-master\target\classes;D:\mavenRepo\org\springframework\boot\spring-boot-starter-data-jpa\2.5.2\spring-boot-starter-data-jpa-2.5.2.jar;D:\mavenRepo\org\springframework\boot\spring-boot-starter-aop\2.5.2\spring-boot-starter-aop-2.5.2.jar;D:\mavenRepo\org\springframework\spring-aop\5.3.8\spring-aop-5.3.8.jar;D:\mavenRepo\org\aspectj\aspectjweaver\1.9.6\aspectjweaver-1.9.6.jar;D:\mavenRepo\org\springframework\boot\spring-boot-starter-jdbc\2.5.2\spring-boot-starter-jdbc-2.5.2.jar;D:\mavenRepo\com\zaxxer\HikariCP\4.0.3\HikariCP-4.0.3.jar;D:\mavenRepo\org\springframework\spring-jdbc\5.3.8\spring-jdbc-5.3.8.jar;D:\mavenRepo\jakarta\transaction\jakarta.transaction-api\1.3.3\jakarta.transaction-api-1.3.3.jar;D:\mavenRepo\jakarta\persistence\jakarta.persistence-api\2.2.3\jakarta.persistence-api-2.2.3.jar;D:\mavenRepo\org\hibernate\hibernate-core\5.4.32.Final\hibernate-core-5.4.32.Final.jar;D:\mavenRepo\org\jboss\logging\jboss-logging\3.4.2.Final\jboss-logging-3.4.2.Final.jar;D:\mavenRepo\org\javassist\javassist\3.27.0-GA\javassist-3.27.0-GA.jar;D:\mavenRepo\net\bytebuddy\byte-buddy\1.10.22\byte-buddy-1.10.22.jar;D:\mavenRepo\antlr\antlr\2.7.7\antlr-2.7.7.jar;D:\mavenRepo\org\jboss\jandex\2.2.3.Final\jandex-2.2.3.Final.jar;D:\mavenRepo\com\fasterxml\classmate\1.5.1\classmate-1.5.1.jar;D:\mavenRepo\org\dom4j\dom4j\2.1.3\dom4j-2.1.3.jar;D:\mavenRepo\org\hibernate\common\hibernate-commons-annotations\5.1.2.Final\hibernate-commons-annotations-5.1.2.Final.jar;D:\mavenRepo\org\glassfish\jaxb\jaxb-runtime\2.3.4\jaxb-runtime-2.3.4.jar;D:\mavenRepo\org\glassfish\jaxb\txw2\2.3.4\txw2-2.3.4.jar;D:\mavenRepo\com\sun\istack\istack-commons-runtime\3.0.12\istack-commons-runtime-3.0.12.jar;D:\mavenRepo\org\springframework\data\spring-data-jpa\2.5.2\spring-data-jpa-2.5.2.jar;D:\mavenRepo\org\springframework\data\spring-data-commons\2.5.2\spring-data-commons-2.5.2.jar;D:\mavenRepo\org\springframework\spring-orm\5.3.8\spring-orm-5.3.8.jar;D:\mavenRepo\org\springframework\spring-context\5.3.8\spring-context-5.3.8.jar;D:\mavenRepo\org\springframework\spring-tx\5.3.8\spring-tx-5.3.8.jar;D:\mavenRepo\org\springframework\spring-beans\5.3.8\spring-beans-5.3.8.jar;D:\mavenRepo\org\slf4j\slf4j-api\1.7.31\slf4j-api-1.7.31.jar;D:\mavenRepo\org\springframework\spring-aspects\5.3.8\spring-aspects-5.3.8.jar;D:\mavenRepo\org\springframework\boot\spring-boot-starter-web\2.5.2\spring-boot-starter-web-2.5.2.jar;D:\mavenRepo\org\springframework\boot\spring-boot-starter\2.5.2\spring-boot-starter-2.5.2.jar;D:\mavenRepo\org\yaml\snakeyaml\1.28\snakeyaml-1.28.jar;D:\mavenRepo\org\springframework\boot\spring-boot-starter-json\2.5.2\spring-boot-starter-json-2.5.2.jar;D:\mavenRepo\com\fasterxml\jackson\core\jackson-databind\2.12.3\jackson-databind-2.12.3.jar;D:\mavenRepo\com\fasterxml\jackson\core\jackson-annotations\2.12.3\jackson-annotations-2.12.3.jar;D:\mavenRepo\com\fasterxml\jackson\core\jackson-core\2.12.3\jackson-core-2.12.3.jar;D:\mavenRepo\com\fasterxml\jackson\datatype\jackson-datatype-jdk8\2.12.3\jackson-datatype-jdk8-2.12.3.jar;D:\mavenRepo\com\fasterxml\jackson\datatype\jackson-datatype-jsr310\2.12.3\jackson-datatype-jsr310-2.12.3.jar;D:\mavenRepo\com\fasterxml\jackson\module\jackson-module-parameter-names\2.12.3\jackson-module-parameter-names-2.12.3.jar;D:\mavenRepo\org\springframework\spring-web\5.3.8\spring-web-5.3.8.jar;D:\mavenRepo\org\springframework\spring-webmvc\5.3.8\spring-webmvc-5.3.8.jar;D:\mavenRepo\org\springframework\spring-expression\5.3.8\spring-expression-5.3.8.jar;D:\mavenRepo\org\apache\logging\log4j\log4j-api\2.14.1\log4j-api-2.14.1.jar;D:\mavenRepo\org\apache\logging\log4j\log4j-core\2.14.1\log4j-core-2.14.1.jar;D:\mavenRepo\mysql\mysql-connector-java\8.0.25\mysql-connector-java-8.0.25.jar;D:\mavenRepo\org\springframework\boot\spring-boot-starter-tomcat\2.5.2\spring-boot-starter-tomcat-2.5.2.jar;D:\mavenRepo\jakarta\annotation\jakarta.annotation-api\1.3.5\jakarta.annotation-api-1.3.5.jar;D:\mavenRepo\org\apache\tomcat\embed\tomcat-embed-core\9.0.48\tomcat-embed-core-9.0.48.jar;D:\mavenRepo\org\apache\tomcat\embed\tomcat-embed-el\9.0.48\tomcat-embed-el-9.0.48.jar;D:\mavenRepo\org\apache\tomcat\embed\tomcat-embed-websocket\9.0.48\tomcat-embed-websocket-9.0.48.jar;D:\mavenRepo\org\springframework\boot\spring-boot-starter-test\2.5.2\spring-boot-starter-test-2.5.2.jar;D:\mavenRepo\org\springframework\boot\spring-boot-test\2.5.2\spring-boot-test-2.5.2.jar;D:\mavenRepo\org\springframework\boot\spring-boot-test-autoconfigure\2.5.2\spring-boot-test-autoconfigure-2.5.2.jar;D:\mavenRepo\com\jayway\jsonpath\json-path\2.5.0\json-path-2.5.0.jar;D:\mavenRepo\net\minidev\json-smart\2.4.7\json-smart-2.4.7.jar;D:\mavenRepo\net\minidev\accessors-smart\2.4.7\accessors-smart-2.4.7.jar;D:\mavenRepo\org\ow2\asm\asm\9.1\asm-9.1.jar;D:\mavenRepo\jakarta\xml\bind\jakarta.xml.bind-api\2.3.3\jakarta.xml.bind-api-2.3.3.jar;D:\mavenRepo\jakarta\activation\jakarta.activation-api\1.2.2\jakarta.activation-api-1.2.2.jar;D:\mavenRepo\org\assertj\assertj-core\3.19.0\assertj-core-3.19.0.jar;D:\mavenRepo\org\hamcrest\hamcrest\2.2\hamcrest-2.2.jar;D:\mavenRepo\org\junit\jupiter\junit-jupiter\5.7.2\junit-jupiter-5.7.2.jar;D:\mavenRepo\org\junit\jupiter\junit-jupiter-api\5.7.2\junit-jupiter-api-5.7.2.jar;D:\mavenRepo\org\apiguardian\apiguardian-api\1.1.0\apiguardian-api-1.1.0.jar;D:\mavenRepo\org\opentest4j\opentest4j\1.2.0\opentest4j-1.2.0.jar;D:\mavenRepo\org\junit\platform\junit-platform-commons\1.7.2\junit-platform-commons-1.7.2.jar;D:\mavenRepo\org\junit\jupiter\junit-jupiter-params\5.7.2\junit-jupiter-params-5.7.2.jar;D:\mavenRepo\org\junit\jupiter\junit-jupiter-engine\5.7.2\junit-jupiter-engine-5.7.2.jar;D:\mavenRepo\org\junit\platform\junit-platform-engine\1.7.2\junit-platform-engine-1.7.2.jar;D:\mavenRepo\org\mockito\mockito-core\3.9.0\mockito-core-3.9.0.jar;D:\mavenRepo\net\bytebuddy\byte-buddy-agent\1.10.22\byte-buddy-agent-1.10.22.jar;D:\mavenRepo\org\objenesis\objenesis\3.2\objenesis-3.2.jar;D:\mavenRepo\org\mockito\mockito-junit-jupiter\3.9.0\mockito-junit-jupiter-3.9.0.jar;D:\mavenRepo\org\skyscreamer\jsonassert\1.5.0\jsonassert-1.5.0.jar;D:\mavenRepo\com\vaadin\external\google\android-json\0.0.20131108.vaadin1\android-json-0.0.20131108.vaadin1.jar;D:\mavenRepo\org\springframework\spring-core\5.3.8\spring-core-5.3.8.jar;D:\mavenRepo\org\springframework\spring-jcl\5.3.8\spring-jcl-5.3.8.jar;D:\mavenRepo\org\springframework\spring-test\5.3.8\spring-test-5.3.8.jar;D:\mavenRepo\org\xmlunit\xmlunit-core\2.8.2\xmlunit-core-2.8.2.jar;D:\mavenRepo\org\projectlombok\lombok-maven-plugin\1.18.20.0\lombok-maven-plugin-1.18.20.0.jar;D:\mavenRepo\org\apache\commons\commons-lang3\3.12.0\commons-lang3-3.12.0.jar;D:\mavenRepo\org\projectlombok\lombok\1.18.20\lombok-1.18.20.jar;D:\mavenRepo\org\sonatype\plexus\plexus-build-api\0.0.7\plexus-build-api-0.0.7.jar;D:\mavenRepo\org\codehaus\plexus\plexus-utils\1.5.8\plexus-utils-1.5.8.jar;D:\mavenRepo\org\apache\tomcat\embed\tomcat-embed-jasper\9.0.48\tomcat-embed-jasper-9.0.48.jar;D:\mavenRepo\org\eclipse\jdt\ecj\3.18.0\ecj-3.18.0.jar;D:\mavenRepo\javax\servlet\jstl\1.2\jstl-1.2.jar;D:\mavenRepo\org\springframework\boot\spring-boot-devtools\2.5.2\spring-boot-devtools-2.5.2.jar;D:\mavenRepo\org\springframework\boot\spring-boot\2.5.2\spring-boot-2.5.2.jar;D:\mavenRepo\org\springframework\boot\spring-boot-autoconfigure\2.5.2\spring-boot-autoconfigure-2.5.2.jar;D:\mavenRepo\org\springframework\boot\spring-boot-starter-mail\2.5.2\spring-boot-starter-mail-2.5.2.jar;D:\mavenRepo\org\springframework\spring-context-support\5.3.8\spring-context-support-5.3.8.jar;D:\mavenRepo\com\sun\mail\jakarta.mail\1.6.7\jakarta.mail-1.6.7.jar;D:\mavenRepo\com\sun\activation\jakarta.activation\1.2.2\jakarta.activation-1.2.2.jar;D:\mavenRepo\org\springframework\boot\spring-boot-starter-freemarker\2.5.2\spring-boot-starter-freemarker-2.5.2.jar;D:\mavenRepo\org\freemarker\freemarker\2.3.31\freemarker-2.3.31.jar;D:\mavenRepo\com\github\librepdf\openpdf\1.3.8\openpdf-1.3.8.jar;D:\mavenRepo\com\github\albfernandez\juniversalchardet\2.3.0\juniversalchardet-2.3.0.jar;"/>
    <property name="java.vm.vendor" value="Oracle Corporation"/>
    <property name="sun.arch.data.model" value="64"/>
    <property name="user.variant" value=""/>
    <property name="java.vendor.url" value="https://java.oracle.com/"/>
    <property name="user.timezone" value="Asia/Calcutta"/>
    <property name="os.name" value="Windows 10"/>
    <property name="java.vm.specification.version" value="16"/>
    <property name="sun.java.launcher" value="SUN_STANDARD"/>
    <property name="user.country" value="US"/>
    <property name="sun.boot.library.path" value="D:\eclipse\plugins\org.eclipse.justj.openjdk.hotspot.jre.full.win32.x86_64_16.0.1.v20210528-1205\jre\bin"/>
    <property name="sun.java.command" value="C:\Users\dell\AppData\Local\Temp\surefire16693255893094245755\surefirebooter14158722977081853630.jar C:\Users\dell\AppData\Local\Temp\surefire16693255893094245755 2022-04-23T19-00-11_613-jvmRun1 surefire8610434683924708052tmp surefire_015772432199230326858tmp"/>
    <property name="jdk.debug" value="release"/>
    <property name="surefire.test.class.path" value="C:\Users\dell\Downloads\hospital-management-system-master\hospital-management-system-master\target\test-classes;C:\Users\dell\Downloads\hospital-management-system-master\hospital-management-system-master\target\classes;D:\mavenRepo\org\springframework\boot\spring-boot-starter-data-jpa\2.5.2\spring-boot-starter-data-jpa-2.5.2.jar;D:\mavenRepo\org\springframework\boot\spring-boot-starter-aop\2.5.2\spring-boot-starter-aop-2.5.2.jar;D:\mavenRepo\org\springframework\spring-aop\5.3.8\spring-aop-5.3.8.jar;D:\mavenRepo\org\aspectj\aspectjweaver\1.9.6\aspectjweaver-1.9.6.jar;D:\mavenRepo\org\springframework\boot\spring-boot-starter-jdbc\2.5.2\spring-boot-starter-jdbc-2.5.2.jar;D:\mavenRepo\com\zaxxer\HikariCP\4.0.3\HikariCP-4.0.3.jar;D:\mavenRepo\org\springframework\spring-jdbc\5.3.8\spring-jdbc-5.3.8.jar;D:\mavenRepo\jakarta\transaction\jakarta.transaction-api\1.3.3\jakarta.transaction-api-1.3.3.jar;D:\mavenRepo\jakarta\persistence\jakarta.persistence-api\2.2.3\jakarta.persistence-api-2.2.3.jar;D:\mavenRepo\org\hibernate\hibernate-core\5.4.32.Final\hibernate-core-5.4.32.Final.jar;D:\mavenRepo\org\jboss\logging\jboss-logging\3.4.2.Final\jboss-logging-3.4.2.Final.jar;D:\mavenRepo\org\javassist\javassist\3.27.0-GA\javassist-3.27.0-GA.jar;D:\mavenRepo\net\bytebuddy\byte-buddy\1.10.22\byte-buddy-1.10.22.jar;D:\mavenRepo\antlr\antlr\2.7.7\antlr-2.7.7.jar;D:\mavenRepo\org\jboss\jandex\2.2.3.Final\jandex-2.2.3.Final.jar;D:\mavenRepo\com\fasterxml\classmate\1.5.1\classmate-1.5.1.jar;D:\mavenRepo\org\dom4j\dom4j\2.1.3\dom4j-2.1.3.jar;D:\mavenRepo\org\hibernate\common\hibernate-commons-annotations\5.1.2.Final\hibernate-commons-annotations-5.1.2.Final.jar;D:\mavenRepo\org\glassfish\jaxb\jaxb-runtime\2.3.4\jaxb-runtime-2.3.4.jar;D:\mavenRepo\org\glassfish\jaxb\txw2\2.3.4\txw2-2.3.4.jar;D:\mavenRepo\com\sun\istack\istack-commons-runtime\3.0.12\istack-commons-runtime-3.0.12.jar;D:\mavenRepo\org\springframework\data\spring-data-jpa\2.5.2\spring-data-jpa-2.5.2.jar;D:\mavenRepo\org\springframework\data\spring-data-commons\2.5.2\spring-data-commons-2.5.2.jar;D:\mavenRepo\org\springframework\spring-orm\5.3.8\spring-orm-5.3.8.jar;D:\mavenRepo\org\springframework\spring-context\5.3.8\spring-context-5.3.8.jar;D:\mavenRepo\org\springframework\spring-tx\5.3.8\spring-tx-5.3.8.jar;D:\mavenRepo\org\springframework\spring-beans\5.3.8\spring-beans-5.3.8.jar;D:\mavenRepo\org\slf4j\slf4j-api\1.7.31\slf4j-api-1.7.31.jar;D:\mavenRepo\org\springframework\spring-aspects\5.3.8\spring-aspects-5.3.8.jar;D:\mavenRepo\org\springframework\boot\spring-boot-starter-web\2.5.2\spring-boot-starter-web-2.5.2.jar;D:\mavenRepo\org\springframework\boot\spring-boot-starter\2.5.2\spring-boot-starter-2.5.2.jar;D:\mavenRepo\org\yaml\snakeyaml\1.28\snakeyaml-1.28.jar;D:\mavenRepo\org\springframework\boot\spring-boot-starter-json\2.5.2\spring-boot-starter-json-2.5.2.jar;D:\mavenRepo\com\fasterxml\jackson\core\jackson-databind\2.12.3\jackson-databind-2.12.3.jar;D:\mavenRepo\com\fasterxml\jackson\core\jackson-annotations\2.12.3\jackson-annotations-2.12.3.jar;D:\mavenRepo\com\fasterxml\jackson\core\jackson-core\2.12.3\jackson-core-2.12.3.jar;D:\mavenRepo\com\fasterxml\jackson\datatype\jackson-datatype-jdk8\2.12.3\jackson-datatype-jdk8-2.12.3.jar;D:\mavenRepo\com\fasterxml\jackson\datatype\jackson-datatype-jsr310\2.12.3\jackson-datatype-jsr310-2.12.3.jar;D:\mavenRepo\com\fasterxml\jackson\module\jackson-module-parameter-names\2.12.3\jackson-module-parameter-names-2.12.3.jar;D:\mavenRepo\org\springframework\spring-web\5.3.8\spring-web-5.3.8.jar;D:\mavenRepo\org\springframework\spring-webmvc\5.3.8\spring-webmvc-5.3.8.jar;D:\mavenRepo\org\springframework\spring-expression\5.3.8\spring-expression-5.3.8.jar;D:\mavenRepo\org\apache\logging\log4j\log4j-api\2.14.1\log4j-api-2.14.1.jar;D:\mavenRepo\org\apache\logging\log4j\log4j-core\2.14.1\log4j-core-2.14.1.jar;D:\mavenRepo\mysql\mysql-connector-java\8.0.25\mysql-connector-java-8.0.25.jar;D:\mavenRepo\org\springframework\boot\spring-boot-starter-tomcat\2.5.2\spring-boot-starter-tomcat-2.5.2.jar;D:\mavenRepo\jakarta\annotation\jakarta.annotation-api\1.3.5\jakarta.annotation-api-1.3.5.jar;D:\mavenRepo\org\apache\tomcat\embed\tomcat-embed-core\9.0.48\tomcat-embed-core-9.0.48.jar;D:\mavenRepo\org\apache\tomcat\embed\tomcat-embed-el\9.0.48\tomcat-embed-el-9.0.48.jar;D:\mavenRepo\org\apache\tomcat\embed\tomcat-embed-websocket\9.0.48\tomcat-embed-websocket-9.0.48.jar;D:\mavenRepo\org\springframework\boot\spring-boot-starter-test\2.5.2\spring-boot-starter-test-2.5.2.jar;D:\mavenRepo\org\springframework\boot\spring-boot-test\2.5.2\spring-boot-test-2.5.2.jar;D:\mavenRepo\org\springframework\boot\spring-boot-test-autoconfigure\2.5.2\spring-boot-test-autoconfigure-2.5.2.jar;D:\mavenRepo\com\jayway\jsonpath\json-path\2.5.0\json-path-2.5.0.jar;D:\mavenRepo\net\minidev\json-smart\2.4.7\json-smart-2.4.7.jar;D:\mavenRepo\net\minidev\accessors-smart\2.4.7\accessors-smart-2.4.7.jar;D:\mavenRepo\org\ow2\asm\asm\9.1\asm-9.1.jar;D:\mavenRepo\jakarta\xml\bind\jakarta.xml.bind-api\2.3.3\jakarta.xml.bind-api-2.3.3.jar;D:\mavenRepo\jakarta\activation\jakarta.activation-api\1.2.2\jakarta.activation-api-1.2.2.jar;D:\mavenRepo\org\assertj\assertj-core\3.19.0\assertj-core-3.19.0.jar;D:\mavenRepo\org\hamcrest\hamcrest\2.2\hamcrest-2.2.jar;D:\mavenRepo\org\junit\jupiter\junit-jupiter\5.7.2\junit-jupiter-5.7.2.jar;D:\mavenRepo\org\junit\jupiter\junit-jupiter-api\5.7.2\junit-jupiter-api-5.7.2.jar;D:\mavenRepo\org\apiguardian\apiguardian-api\1.1.0\apiguardian-api-1.1.0.jar;D:\mavenRepo\org\opentest4j\opentest4j\1.2.0\opentest4j-1.2.0.jar;D:\mavenRepo\org\junit\platform\junit-platform-commons\1.7.2\junit-platform-commons-1.7.2.jar;D:\mavenRepo\org\junit\jupiter\junit-jupiter-params\5.7.2\junit-jupiter-params-5.7.2.jar;D:\mavenRepo\org\junit\jupiter\junit-jupiter-engine\5.7.2\junit-jupiter-engine-5.7.2.jar;D:\mavenRepo\org\junit\platform\junit-platform-engine\1.7.2\junit-platform-engine-1.7.2.jar;D:\mavenRepo\org\mockito\mockito-core\3.9.0\mockito-core-3.9.0.jar;D:\mavenRepo\net\bytebuddy\byte-buddy-agent\1.10.22\byte-buddy-agent-1.10.22.jar;D:\mavenRepo\org\objenesis\objenesis\3.2\objenesis-3.2.jar;D:\mavenRepo\org\mockito\mockito-junit-jupiter\3.9.0\mockito-junit-jupiter-3.9.0.jar;D:\mavenRepo\org\skyscreamer\jsonassert\1.5.0\jsonassert-1.5.0.jar;D:\mavenRepo\com\vaadin\external\google\android-json\0.0.20131108.vaadin1\android-json-0.0.20131108.vaadin1.jar;D:\mavenRepo\org\springframework\spring-core\5.3.8\spring-core-5.3.8.jar;D:\mavenRepo\org\springframework\spring-jcl\5.3.8\spring-jcl-5.3.8.jar;D:\mavenRepo\org\springframework\spring-test\5.3.8\spring-test-5.3.8.jar;D:\mavenRepo\org\xmlunit\xmlunit-core\2.8.2\xmlunit-core-2.8.2.jar;D:\mavenRepo\org\projectlombok\lombok-maven-plugin\1.18.20.0\lombok-maven-plugin-1.18.20.0.jar;D:\mavenRepo\org\apache\commons\commons-lang3\3.12.0\commons-lang3-3.12.0.jar;D:\mavenRepo\org\projectlombok\lombok\1.18.20\lombok-1.18.20.jar;D:\mavenRepo\org\sonatype\plexus\plexus-build-api\0.0.7\plexus-build-api-0.0.7.jar;D:\mavenRepo\org\codehaus\plexus\plexus-utils\1.5.8\plexus-utils-1.5.8.jar;D:\mavenRepo\org\apache\tomcat\embed\tomcat-embed-jasper\9.0.48\tomcat-embed-jasper-9.0.48.jar;D:\mavenRepo\org\eclipse\jdt\ecj\3.18.0\ecj-3.18.0.jar;D:\mavenRepo\javax\servlet\jstl\1.2\jstl-1.2.jar;D:\mavenRepo\org\springframework\boot\spring-boot-devtools\2.5.2\spring-boot-devtools-2.5.2.jar;D:\mavenRepo\org\springframework\boot\spring-boot\2.5.2\spring-boot-2.5.2.jar;D:\mavenRepo\org\springframework\boot\spring-boot-autoconfigure\2.5.2\spring-boot-autoconfigure-2.5.2.jar;D:\mavenRepo\org\springframework\boot\spring-boot-starter-mail\2.5.2\spring-boot-starter-mail-2.5.2.jar;D:\mavenRepo\org\springframework\spring-context-support\5.3.8\spring-context-support-5.3.8.jar;D:\mavenRepo\com\sun\mail\jakarta.mail\1.6.7\jakarta.mail-1.6.7.jar;D:\mavenRepo\com\sun\activation\jakarta.activation\1.2.2\jakarta.activation-1.2.2.jar;D:\mavenRepo\org\springframework\boot\spring-boot-starter-freemarker\2.5.2\spring-boot-starter-freemarker-2.5.2.jar;D:\mavenRepo\org\freemarker\freemarker\2.3.31\freemarker-2.3.31.jar;D:\mavenRepo\com\github\librepdf\openpdf\1.3.8\openpdf-1.3.8.jar;D:\mavenRepo\com\github\albfernandez\juniversalchardet\2.3.0\juniversalchardet-2.3.0.jar;"/>
    <property name="sun.cpu.endian" value="little"/>
    <property name="user.home" value="C:\Users\dell"/>
    <property name="user.language" value="en"/>
    <property name="java.specification.vendor" value="Oracle Corporation"/>
    <property name="java.version.date" value="2021-04-20"/>
    <property name="java.home" value="D:\eclipse\plugins\org.eclipse.justj.openjdk.hotspot.jre.full.win32.x86_64_16.0.1.v20210528-1205\jre"/>
    <property name="file.separator" value="\"/>
    <property name="basedir" value="C:\Users\dell\Downloads\hospital-management-system-master\hospital-management-system-master"/>
    <property name="java.vm.compressedOopsMode" value="32-bit"/>
    <property name="line.separator" value="&#10;"/>
    <property name="java.vm.specification.vendor" value="Oracle Corporation"/>
    <property name="java.specification.name" value="Java Platform API Specification"/>
    <property name="surefire.real.class.path" value="C:\Users\dell\AppData\Local\Temp\surefire16693255893094245755\surefirebooter14158722977081853630.jar"/>
    <property name="user.script" value=""/>
    <property name="sun.management.compiler" value="HotSpot 64-Bit Tiered Compilers"/>
    <property name="java.runtime.version" value="16.0.1+9-24"/>
    <property name="user.name" value="dell"/>
    <property name="path.separator" value=";"/>
    <property name="os.version" value="10.0"/>
    <property name="java.runtime.name" value="OpenJDK Runtime Environment"/>
    <property name="file.encoding" value="Cp1252"/>
    <property name="java.vm.name" value="OpenJDK 64-Bit Server VM"/>
    <property name="localRepository" value="D:\mavenRepo"/>
    <property name="java.vendor.url.bug" value="https://bugreport.java.com/bugreport/"/>
    <property name="java.io.tmpdir" value="C:\Users\dell\AppData\Local\Temp\"/>
    <property name="java.version" value="16.0.1"/>
    <property name="user.dir" value="C:\Users\dell\Downloads\hospital-management-system-master\hospital-management-system-master"/>
    <property name="os.arch" value="amd64"/>
    <property name="java.vm.specification.name" value="Java Virtual Machine Specification"/>
    <property name="sun.os.patch.level" value=""/>
    <property name="java.library.path" value="D:\eclipse\plugins\org.eclipse.justj.openjdk.hotspot.jre.full.win32.x86_64_16.0.1.v20210528-1205\jre\bin;C:\WINDOWS\Sun\Java\bin;C:\WINDOWS\system32;C:\WINDOWS;D:/eclipse//plugins/org.eclipse.justj.openjdk.hotspot.jre.full.win32.x86_64_16.0.1.v20210528-1205/jre/bin/server;D:/eclipse//plugins/org.eclipse.justj.openjdk.hotspot.jre.full.win32.x86_64_16.0.1.v20210528-1205/jre/bin;C:\Program Files\Common Files\Oracle\Java\javapath;C:\WINDOWS\system32;C:\WINDOWS;C:\WINDOWS\System32\Wbem;C:\WINDOWS\System32\WindowsPowerShell\v1.0\;C:\WINDOWS\System32\OpenSSH\;C:\Program Files\Java\jdk-15.0.2\bin;C:\Program Files\Microsoft VS Code\bin;C:\Program Files\php-8.0.1;C:\Program Files\Git\cmd;C:\Program Files\Java\jdk-15.0.2\bin;C:\Program Files\Apache Software Foundation\Tomcat 10.0\bin;D:\apache-maven-3.8.2\bin;C:\Program Files\MySQL\MySQL Shell 8.0\bin\;C:\Users\dell\AppData\Local\Microsoft\WindowsApps;C:\Program Files\php-8.0.1;D:\eclipse;;."/>
    <property name="java.vm.info" value="mixed mode"/>
    <property name="java.vendor" value="Oracle Corporation"/>
    <property name="java.vm.version" value="16.0.1+9-24"/>
    <property name="sun.io.unicode.encoding" value="UnicodeLittle"/>
    <property name="java.class.version" value="60.0"/>
  </properties>
  <testcase name="contextLoads" classname="com.hospitalmanagement.HospitalManagementSystemApplicationTests" time="0.679"/>
</testsuite>